Broadcasting to 0 sockets. Data: [{"customer_name": "S\u0131ra No: 3", "time": "22:16", "items": [{"name": "Et Durum", "portion": "10...
Broadcasting to 0 sockets. Data: [{"customer_name": "S\u0131ra No: 3", "time": "22:16", "items": [{"name": "Et Durum", "portion": "10...
Broadcasting to 0 sockets. Data: [{"customer_name": "S\u0131ra No: 3sdfsdfsdfsdf", "time": "22:16", "items": [{"name": "Et Durum", "p...
Broadcasting to 0 sockets. Data: [{"customer_name": "S\u0131ra No: 3", "time": "22:49", "items": [{"name": "Et Eski Usul", "portion":...
Broadcasting to 0 sockets. Data: []...
Broadcasting to 0 sockets. Data: [{"customer_name": "S\u0131ra No: 1", "time": "22:53", "items": [{"name": "Et Tombik", "portion": "1...
Broadcasting to 0 sockets. Data: [{"customer_name": "S\u0131ra No: 1", "time": "22:53", "items": [{"name": "Et Tombik", "portion": "1...
Broadcasting to 0 sockets. Data: [{"customer_name": "S\u0131ra No: 1", "time": "22:53", "items": [{"name": "Et Tombik", "portion": "1...
Broadcasting to 0 sockets. Data: [{"customer_name": "S\u0131ra No: 1", "time": "22:53", "items": [{"name": "Et Tombik", "portion": "1...
Broadcasting to 0 sockets. Data: [{"customer_name": "[Trendyol] Sipari\u015f #98765", "time": "23:19", "items": [{"name": "Et Pilav U...
Broadcasting to 0 sockets. Data: [{"customer_name": "[Yemeksepeti] Sipari\u015f #YK-123", "time": "23:19", "items": [{"name": "Et Tom...
Broadcasting to 1 sockets. Data: [{"customer_name": "[Yemeksepeti] Sipari\u015f #YK-123", "time": "23:19", "items": [{"name": "Et Tom...
Broadcasting to 1 sockets. Data: [{"customer_name": "Test Masa", "time": "00:19", "items": [{"name": "Et", "portion": "Standart", "pr...
Broadcasting to 1 sockets. Data: [{"customer_name": "Test Masa", "time": "00:19", "items": [{"name": "Et", "portion": "Standart", "pr...
Broadcasting to 1 sockets. Data: [{"customer_name": "Test Masa", "time": "00:19", "items": [{"name": "Et", "portion": "Standart", "pr...
Broadcasting to 1 sockets. Data: [{"customer_name": "S\u0131ra No: 22", "time": "00:16", "items": [{"name": "Et Tombik", "portion": "...
Broadcasting to 1 sockets. Data: [{"customer_name": "S\u0131ra No: 23", "time": "00:30", "items": [{"name": "Et XL Durum", "portion":...
Broadcasting to 1 sockets. Data: [{"customer_name": "S\u0131ra No: 23", "time": "00:30", "items": [{"name": "Et XL Durum", "portion":...
Broadcasting to 1 sockets. Data: [{"customer_name": "S\u0131ra No: 22", "time": "00:16", "items": [{"name": "Et Tombik", "portion": "...
Broadcasting to 1 sockets. Data: [{"customer_name": "S\u0131ra No: 24", "time": "00:30", "items": [{"name": "Et Tombik", "portion": "...
Broadcasting to 1 sockets. Data: [{"customer_name": "S\u0131ra No: 24", "time": "00:30", "items": [{"name": "Et Tombik", "portion": "...
Broadcasting to 2 sockets. Data: [{"customer_name": "S\u0131ra No: 24", "time": "00:30", "items": [{"name": "Et Tombik", "portion": "...
Broadcasting to 2 sockets. Data: [{"customer_name": "S\u0131ra No: 24", "time": "00:30", "items": [{"name": "Et Tombik", "portion": "...
Broadcasting to 2 sockets. Data: [{"customer_name": "S\u0131ra No: 24", "time": "00:30", "items": [{"name": "Et Tombik", "portion": "...
Broadcasting to 2 sockets. Data: [{"customer_name": "S\u0131ra No: 24", "time": "00:30", "items": [{"name": "Et Tombik", "portion": "...
Broadcasting to 2 sockets. Data: [{"customer_name": "S\u0131ra No: 24", "time": "00:30", "items": [{"name": "Et Tombik", "portion": "...
Broadcasting to 2 sockets. Data: [{"customer_name": "S\u0131ra No: 24", "time": "00:30", "items": [{"name": "Et Tombik", "portion": "...
Broadcasting to 2 sockets. Data: [{"customer_name": "S\u0131ra No: 24", "time": "00:30", "items": [{"name": "Et Tombik", "portion": "...
Broadcasting to 3 sockets. Data: [{"customer_name": "S\u0131ra No: 24", "time": "00:30", "items": [{"name": "Et Tombik", "portion": "...
Broadcasting to 1 sockets. Data: [{"customer_name": "S\u0131ra No: 24", "time": "00:30", "items": [{"name": "Et Tombik", "portion": "...
Broadcasting to 1 sockets. Data: [{"customer_name": "S\u0131ra No: 24", "time": "00:30", "items": [{"name": "Et Tombik", "portion": "...
Broadcasting to 1 sockets. Data: [{"customer_name": "S\u0131ra No: 24", "time": "00:30", "items": [{"name": "Et Tombik", "portion": "...
Broadcasting to 1 sockets. Data: [{"customer_name": "S\u0131ra No: 24", "time": "00:30", "items": [{"name": "Et Tombik", "portion": "...
Broadcasting to 0 sockets. Data: [{"customer_name": "S\u0131ra No: 25", "time": "00:52", "items": [{"name": "Et Porsiyon", "portion":...
Broadcasting to 0 sockets. Data: [{"customer_name": "S\u0131ra No: 26", "time": "00:54", "items": [{"name": "Iskender", "portion": "1...
Broadcasting to 0 sockets. Data: []...
