Broadcasting to 1 sockets. Data: [{"customer_name": "S\u0131ra No: 5", "time": "01:14", "items": [{"name": "Tavuk Kampy", "portion": ...
Broadcasting to 1 sockets. Data: []...
Broadcasting to 1 sockets. Data: []...
Broadcasting to 2 sockets. Data: []...
Broadcasting to 0 sockets. Data: [{"customer_name": "S\u0131ra No: 3", "time": "01:42", "items": [{"name": "Et Tombik", "portion": "1...
Broadcasting to 0 sockets. Data: [{"customer_name": "S\u0131ra No: 9", "time": "22:12", "items": [{"name": "Et Porsiyon", "portion": ...
Broadcasting to 1 sockets. Data: [{"customer_name": "S\u0131ra No: 9", "time": "22:12", "items": [{"name": "Et Porsiyon", "portion": ...
Broadcasting to 1 sockets. Data: [{"customer_name": "S\u0131ra No: 9", "time": "22:12", "items": [{"name": "Et Porsiyon", "portion": ...
Broadcasting to 1 sockets. Data: [{"customer_name": "S\u0131ra No: 9", "time": "22:12", "items": [{"name": "Et Porsiyon", "portion": ...
Broadcasting to 1 sockets. Data: [{"customer_name": "S\u0131ra No: 9", "time": "22:12", "items": [{"name": "Et Porsiyon", "portion": ...
Broadcasting to 1 sockets. Data: [{"customer_name": "S\u0131ra No: 10", "time": "22:18", "items": [{"name": "Et Tombik", "portion": "...
Broadcasting to 1 sockets. Data: [{"customer_name": "S\u0131ra No: 10", "time": "22:18", "items": [{"name": "Et Tombik", "portion": "...
Broadcasting to 2 sockets. Data: [{"customer_name": "S\u0131ra No: 10", "time": "22:18", "items": [{"name": "Et Tombik", "portion": "...
Broadcasting to 1 sockets. Data: [{"customer_name": "S\u0131ra No: 10", "time": "22:18", "items": [{"name": "Et Tombik", "portion": "...
Broadcasting to 1 sockets. Data: [{"customer_name": "S\u0131ra No: 10", "time": "22:18", "items": [{"name": "Et Tombik", "portion": "...
Broadcasting to 1 sockets. Data: [{"customer_name": "S\u0131ra No: 10", "time": "22:18", "items": [{"name": "Et Tombik", "portion": "...
Broadcasting to 0 sockets. Data: [{"customer_name": "S\u0131ra No: 10", "time": "22:18", "items": [{"name": "Et Tombik", "portion": "...
Broadcasting to 0 sockets. Data: [{"customer_name": "S\u0131ra No: 10", "time": "22:18", "items": [{"name": "Et Tombik", "portion": "...
Broadcasting to 0 sockets. Data: [{"customer_name": "S\u0131ra No: 10", "time": "22:18", "items": [{"name": "Et Tombik", "portion": "...
Broadcasting to 0 sockets. Data: [{"customer_name": "S\u0131ra No: 10", "time": "22:18", "items": [{"name": "Et Tombik", "portion": "...
Broadcasting to 0 sockets. Data: [{"customer_name": "S\u0131ra No: 10", "time": "22:18", "items": [{"name": "Et Tombik", "portion": "...
Broadcasting to 2 sockets. Data: [{"customer_name": "S\u0131ra No: 10", "time": "22:18", "items": [{"name": "Et Tombik", "portion": "...
Broadcasting to 2 sockets. Data: [{"customer_name": "S\u0131ra No: 10", "time": "22:18", "items": [{"name": "Et Tombik", "portion": "...
Broadcasting to 1 sockets. Data: [{"customer_name": "S\u0131ra No: 10", "time": "22:18", "items": [{"name": "Et Tombik", "portion": "...
Broadcasting to 2 sockets. Data: [{"customer_name": "S\u0131ra No: 10", "time": "22:18", "items": [{"name": "Et Tombik", "portion": "...
Broadcasting to 3 sockets. Data: [{"customer_name": "S\u0131ra No: 10", "time": "22:18", "items": [{"name": "Et Tombik", "portion": "...
Broadcasting to 1 sockets. Data: [{"customer_name": "S\u0131ra No: 11", "time": "23:56", "items": [{"name": "Et Tombik", "portion": "...
Broadcasting to 1 sockets. Data: [{"customer_name": "S\u0131ra No: 11", "time": "23:56", "items": [{"name": "Et Tombik", "portion": "...
Broadcasting to 1 sockets. Data: [{"customer_name": "S\u0131ra No: 11", "time": "23:56", "items": [{"name": "Et Tombik", "portion": "...
Broadcasting to 1 sockets. Data: [{"customer_name": "S\u0131ra No: 11", "time": "23:56", "items": [{"name": "Et Tombik", "portion": "...
Broadcasting to 1 sockets. Data: [{"customer_name": "S\u0131ra No: 11", "time": "23:56", "items": [{"name": "Et Tombik", "portion": "...
Broadcasting to 1 sockets. Data: [{"customer_name": "S\u0131ra No: 11", "time": "23:56", "items": [{"name": "Kutu Kola", "portion": "...
Broadcasting to 1 sockets. Data: [{"customer_name": "S\u0131ra No: 11", "time": "23:56", "items": [{"name": "Kutu Kola", "portion": "...
Broadcasting to 1 sockets. Data: [{"customer_name": "S\u0131ra No: 11", "time": "23:56", "items": [{"name": "Kutu Kola", "portion": "...
Broadcasting to 1 sockets. Data: [{"customer_name": "S\u0131ra No: 11", "time": "23:56", "items": [{"name": "Kutu Kola", "portion": "...
Broadcasting to 0 sockets. Data: [{"customer_name": "S\u0131ra No: 11", "time": "23:56", "items": [{"name": "Kutu Kola", "portion": "...
Broadcasting to 0 sockets. Data: [{"customer_name": "S\u0131ra No: 11", "time": "23:56", "items": [{"name": "Kutu Kola", "portion": "...
Broadcasting to 1 sockets. Data: []...
Broadcasting to 2 sockets. Data: []...
Broadcasting to 3 sockets. Data: []...
Broadcasting to 3 sockets. Data: [{"customer_name": "S\u0131ra No: 1", "time": "00:31", "items": [{"name": "Et Tombik", "portion": "1...
Broadcasting to 3 sockets. Data: [{"customer_name": "S\u0131ra No: 1", "time": "00:31", "items": [{"name": "Et Tombik", "portion": "1...
Broadcasting to 4 sockets. Data: [{"customer_name": "S\u0131ra No: 1", "time": "00:31", "items": [{"name": "Et Tombik", "portion": "1...
Broadcasting to 5 sockets. Data: [{"customer_name": "S\u0131ra No: 1", "time": "00:31", "items": [{"name": "Et Tombik", "portion": "1...
Broadcasting to 3 sockets. Data: [{"customer_name": "S\u0131ra No: 1", "time": "00:31", "items": [{"name": "Et Tombik", "portion": "1...
Broadcasting to 1 sockets. Data: [{"customer_name": "S\u0131ra No: 1", "time": "00:31", "items": [{"name": "Et Tombik", "portion": "1...
Broadcasting to 2 sockets. Data: [{"customer_name": "S\u0131ra No: 1", "time": "00:31", "items": [{"name": "Et Tombik", "portion": "1...
Broadcasting to 1 sockets. Data: [{"customer_name": "S\u0131ra No: 1", "time": "00:31", "items": [{"name": "Et Tombik", "portion": "1...
Broadcasting to 2 sockets. Data: [{"customer_name": "S\u0131ra No: 1", "time": "00:31", "items": [{"name": "Et Tombik", "portion": "1...
Broadcasting to 1 sockets. Data: [{"customer_name": "S\u0131ra No: 1", "time": "00:31", "items": [{"name": "Et Tombik", "portion": "1...
Broadcasting to 1 sockets. Data: [{"customer_name": "S\u0131ra No: 2", "time": "00:45", "items": [{"name": "Et Tombik", "portion": "1...
Broadcasting to 1 sockets. Data: [{"customer_name": "S\u0131ra No: 2", "time": "00:45", "items": [{"name": "Et Tombik", "portion": "1...
Broadcasting to 1 sockets. Data: [{"customer_name": "S\u0131ra No: 2", "time": "00:45", "items": [{"name": "Et Tombik", "portion": "1...
Broadcasting to 1 sockets. Data: [{"customer_name": "S\u0131ra No: 2", "time": "00:45", "items": [{"name": "Et Tombik", "portion": "1...
Broadcasting to 1 sockets. Data: [{"customer_name": "S\u0131ra No: 2", "time": "00:45", "items": [{"name": "Et Tombik", "portion": "1...
Broadcasting to 1 sockets. Data: [{"customer_name": "S\u0131ra No: 2", "time": "00:45", "items": [{"name": "Et Tombik", "portion": "1...
Broadcasting to 1 sockets. Data: [{"customer_name": "S\u0131ra No: 2", "time": "00:45", "items": [{"name": "Et Tombik", "portion": "1...
Broadcasting to 1 sockets. Data: [{"customer_name": "S\u0131ra No: 2", "time": "00:45", "items": [{"name": "Et Tombik", "portion": "1...
Broadcasting to 1 sockets. Data: [{"customer_name": "S\u0131ra No: 2", "time": "00:45", "items": [{"name": "Et Tombik", "portion": "1...
Broadcasting to 1 sockets. Data: [{"customer_name": "S\u0131ra No: 2", "time": "00:45", "items": [{"name": "Et Tombik", "portion": "1...
Broadcasting to 1 sockets. Data: [{"customer_name": "S\u0131ra No: 2", "time": "00:45", "items": [{"name": "Et Tombik", "portion": "1...
Broadcasting to 1 sockets. Data: [{"customer_name": "S\u0131ra No: 2", "time": "00:45", "items": [{"name": "Et Tombik", "portion": "1...
Broadcasting to 1 sockets. Data: [{"customer_name": "S\u0131ra No: 2", "time": "00:45", "items": [{"name": "Et Tombik", "portion": "1...
Broadcasting to 1 sockets. Data: [{"customer_name": "S\u0131ra No: 2", "time": "00:45", "items": [{"name": "Et Tombik", "portion": "1...
Broadcasting to 1 sockets. Data: [{"customer_name": "S\u0131ra No: 2", "time": "00:45", "items": [{"name": "Et Tombik", "portion": "1...
Broadcasting to 1 sockets. Data: [{"customer_name": "S\u0131ra No: 2", "time": "00:45", "items": [{"name": "Fanta", "portion": "Stand...
Broadcasting to 1 sockets. Data: [{"customer_name": "S\u0131ra No: 2", "time": "00:45", "items": [{"name": "Fanta", "portion": "Stand...
Broadcasting to 1 sockets. Data: [{"customer_name": "S\u0131ra No: 2", "time": "00:45", "items": [{"name": "Fanta", "portion": "Stand...
Broadcasting to 1 sockets. Data: [{"customer_name": "S\u0131ra No: 2", "time": "00:45", "items": [{"name": "Fanta", "portion": "Stand...
Broadcasting to 1 sockets. Data: [{"customer_name": "S\u0131ra No: 2", "time": "00:45", "items": [{"name": "Su", "portion": "Standart...
Broadcasting to 1 sockets. Data: [{"customer_name": "S\u0131ra No: 2", "time": "00:45", "items": [{"name": "Su", "portion": "Standart...
Broadcasting to 1 sockets. Data: [{"customer_name": "S\u0131ra No: 2", "time": "00:45", "items": [{"name": "Su", "portion": "Standart...
Broadcasting to 1 sockets. Data: [{"customer_name": "S\u0131ra No: 2", "time": "00:45", "items": [{"name": "Su", "portion": "Standart...
Broadcasting to 1 sockets. Data: [{"customer_name": "S\u0131ra No: 2", "time": "00:45", "items": [{"name": "Su", "portion": "Standart...
Broadcasting to 2 sockets. Data: [{"customer_name": "S\u0131ra No: 2", "time": "00:45", "items": [{"name": "Su", "portion": "Standart...
Broadcasting to 2 sockets. Data: [{"customer_name": "S\u0131ra No: 2", "time": "00:45", "items": [{"name": "Su", "portion": "Standart...
Broadcasting to 3 sockets. Data: [{"customer_name": "S\u0131ra No: 2", "time": "00:45", "items": [{"name": "Su", "portion": "Standart...
Broadcasting to 0 sockets. Data: [{"customer_name": "S\u0131ra No: 2", "time": "00:45", "items": [{"name": "Su", "portion": "Standart...
Broadcasting to 0 sockets. Data: []...
Broadcasting to 1 sockets. Data: []...
Broadcasting to 1 sockets. Data: []...
Broadcasting to 1 sockets. Data: []...
Broadcasting to 1 sockets. Data: [{"musteri_adi": "S\u0131ra No: 1", "saat": "01:21", "kalemler": [{"ad": "Et Tombik", "gramaj": "100...
Broadcasting to 1 sockets. Data: [{"customer_name": "S\u0131ra No: 1", "time": "01:23", "items": [{"name": "Et Tombik", "portion": "1...
Broadcasting to 1 sockets. Data: [{"customer_name": "S\u0131ra No: 2", "time": "01:23", "items": [{"name": "Et Pilav Ustu", "portion"...
Broadcasting to 1 sockets. Data: [{"customer_name": "S\u0131ra No: 2", "time": "01:23", "items": [{"name": "Kutu Kola", "portion": "S...
Broadcasting to 1 sockets. Data: [{"customer_name": "S\u0131ra No: 2", "time": "01:23", "items": [{"name": "Kutu Kola", "portion": "S...
Broadcasting to 1 sockets. Data: [{"customer_name": "S\u0131ra No: 2", "time": "01:23", "items": [{"name": "Kutu Kola", "portion": "S...
Broadcasting to 1 sockets. Data: [{"customer_name": "S\u0131ra No: 2", "time": "01:23", "items": [{"name": "Kutu Kola", "portion": "S...
Broadcasting to 1 sockets. Data: [{"customer_name": "S\u0131ra No: 1", "time": "01:23", "items": [{"name": "Et Tombik", "portion": "1...
Broadcasting to 1 sockets. Data: [{"musteri_adi": "S\u0131ra No: 1", "saat": "01:21", "kalemler": [{"ad": "Et Tombik", "gramaj": "100...
Broadcasting to 1 sockets. Data: [{"musteri_adi": "S\u0131ra No: 1", "saat": "01:21", "kalemler": [{"ad": "Et Tombik", "gramaj": "100...
Broadcasting to 1 sockets. Data: []...
Broadcasting to 1 sockets. Data: [{"customer_name": "S\u0131ra No: 1", "time": "01:25", "items": [{"name": "Tavuk Tombik", "portion":...
Broadcasting to 1 sockets. Data: []...
