Broadcasting to 1 sockets. Data: [{"customer_name": "S\u0131ra No: 5", "time": "02:16", "items": [{"name": "Et Porsiyon", "portion": ...
Broadcasting to 1 sockets. Data: [{"customer_name": "S\u0131ra No: 4", "time": "02:16", "items": [{"name": "Et Tombik", "portion": "1...
Broadcasting to 1 sockets. Data: [{"customer_name": "S\u0131ra No: 3", "time": "01:52", "items": [{"name": "Et Porsiyon", "portion": ...
Broadcasting to 1 sockets. Data: []...
Broadcasting to 1 sockets. Data: [{"customer_name": "S\u0131ra No: 6", "time": "02:28", "items": [{"name": "Et Tombik", "portion": "1...
Broadcasting to 1 sockets. Data: [{"customer_name": "S\u0131ra No: 6", "time": "02:28", "items": [{"name": "Et Tombik", "portion": "1...
Broadcasting to 1 sockets. Data: [{"customer_name": "S\u0131ra No: 6", "time": "02:28", "items": [{"name": "Et Tombik", "portion": "1...
Broadcasting to 1 sockets. Data: [{"customer_name": "S\u0131ra No: 6", "time": "02:28", "items": [{"name": "Et Tombik", "portion": "1...
Broadcasting to 1 sockets. Data: [{"customer_name": "S\u0131ra No: 6", "time": "02:28", "items": [{"name": "Et Tombik", "portion": "1...
Broadcasting to 1 sockets. Data: [{"customer_name": "S\u0131ra No: 6", "time": "02:28", "items": [{"name": "Et Tombik", "portion": "1...
Broadcasting to 1 sockets. Data: [{"customer_name": "S\u0131ra No: 6", "time": "02:28", "items": [{"name": "Et Tombik", "portion": "1...
Broadcasting to 1 sockets. Data: [{"customer_name": "S\u0131ra No: 6", "time": "02:28", "items": [{"name": "Et Tombik", "portion": "1...
Broadcasting to 1 sockets. Data: [{"customer_name": "S\u0131ra No: 6", "time": "02:28", "items": [{"name": "Et Tombik", "portion": "1...
Broadcasting to 1 sockets. Data: [{"customer_name": "S\u0131ra No: 6", "time": "02:28", "items": [{"name": "Et Tombik", "portion": "1...
Broadcasting to 1 sockets. Data: [{"customer_name": "S\u0131ra No: 7", "time": "02:30", "items": [{"name": "Et Durum", "portion": "10...
Broadcasting to 1 sockets. Data: [{"customer_name": "S\u0131ra No: 7", "time": "02:30", "items": [{"name": "Et Durum", "portion": "10...
Broadcasting to 1 sockets. Data: [{"customer_name": "S\u0131ra No: 7", "time": "02:30", "items": [{"name": "Et Durum", "portion": "10...
Broadcasting to 1 sockets. Data: [{"customer_name": "S\u0131ra No: 7", "time": "02:30", "items": [{"name": "Et Durum", "portion": "10...
Broadcasting to 1 sockets. Data: [{"customer_name": "S\u0131ra No: 7", "time": "02:30", "items": [{"name": "Et Durum", "portion": "10...
Broadcasting to 1 sockets. Data: [{"customer_name": "S\u0131ra No: 7", "time": "02:30", "items": [{"name": "Et Durum", "portion": "10...
Broadcasting to 1 sockets. Data: [{"customer_name": "S\u0131ra No: 6", "time": "02:28", "items": [{"name": "Et Tombik", "portion": "1...
Broadcasting to 1 sockets. Data: []...
Broadcasting to 1 sockets. Data: []...
Broadcasting to 1 sockets. Data: [{"customer_name": "S\u0131ra No: 1", "time": "02:33", "items": [{"name": "Et Porsiyon", "portion": ...
Broadcasting to 1 sockets. Data: [{"customer_name": "S\u0131ra No: 1", "time": "02:33", "items": [{"name": "Et Porsiyon", "portion": ...
Broadcasting to 1 sockets. Data: [{"customer_name": "S\u0131ra No: 1", "time": "02:33", "items": [{"name": "Et Porsiyon", "portion": ...
Broadcasting to 1 sockets. Data: [{"customer_name": "S\u0131ra No: 1", "time": "02:33", "items": [{"name": "Et Porsiyon", "portion": ...
Broadcasting to 1 sockets. Data: [{"customer_name": "S\u0131ra No: 1", "time": "02:33", "items": [{"name": "Et Porsiyon", "portion": ...
Broadcasting to 1 sockets. Data: [{"customer_name": "S\u0131ra No: 1", "time": "02:33", "items": [{"name": "Et Porsiyon", "portion": ...
Broadcasting to 1 sockets. Data: [{"customer_name": "S\u0131ra No: 1", "time": "02:33", "items": [{"name": "Et Porsiyon", "portion": ...
Broadcasting to 1 sockets. Data: [{"customer_name": "S\u0131ra No: 1", "time": "02:33", "items": [{"name": "Et Porsiyon", "portion": ...
Broadcasting to 1 sockets. Data: [{"customer_name": "S\u0131ra No: 1", "time": "02:33", "items": [{"name": "Et Porsiyon", "portion": ...
Broadcasting to 1 sockets. Data: [{"customer_name": "S\u0131ra No: 1", "time": "02:33", "items": [{"name": "Et Porsiyon", "portion": ...
Broadcasting to 1 sockets. Data: [{"customer_name": "S\u0131ra No: 1", "time": "02:33", "items": [{"name": "Et Porsiyon", "portion": ...
Broadcasting to 1 sockets. Data: [{"customer_name": "S\u0131ra No: 1", "time": "02:33", "items": [{"name": "Et Porsiyon", "portion": ...
Broadcasting to 1 sockets. Data: [{"customer_name": "S\u0131ra No: 1", "time": "02:33", "items": [{"name": "Et Porsiyon", "portion": ...
Broadcasting to 1 sockets. Data: [{"customer_name": "S\u0131ra No: 1", "time": "02:33", "items": [{"name": "Et Porsiyon", "portion": ...
Broadcasting to 1 sockets. Data: [{"customer_name": "S\u0131ra No: 1", "time": "02:33", "items": [{"name": "Et Porsiyon", "portion": ...
Broadcasting to 2 sockets. Data: [{"customer_name": "S\u0131ra No: 1", "time": "02:33", "items": [{"name": "Et Porsiyon", "portion": ...
Broadcasting to 2 sockets. Data: [{"customer_name": "S\u0131ra No: 1", "time": "02:33", "items": [{"name": "Et Porsiyon", "portion": ...
Broadcasting to 2 sockets. Data: [{"customer_name": "S\u0131ra No: 1", "time": "02:33", "items": [{"name": "Et Porsiyon", "portion": ...
Broadcasting to 3 sockets. Data: [{"customer_name": "S\u0131ra No: 1", "time": "02:33", "items": [{"name": "Et Porsiyon", "portion": ...
Broadcasting to 3 sockets. Data: [{"customer_name": "S\u0131ra No: 1", "time": "02:33", "items": [{"name": "Et Porsiyon", "portion": ...
Broadcasting to 3 sockets. Data: [{"customer_name": "S\u0131ra No: 1", "time": "02:33", "items": [{"name": "Et Porsiyon", "portion": ...
Broadcasting to 2 sockets. Data: [{"customer_name": "S\u0131ra No: 1", "time": "02:33", "items": [{"name": "Et Porsiyon", "portion": ...
Broadcasting to 2 sockets. Data: [{"customer_name": "S\u0131ra No: 2", "time": "02:35", "items": [{"name": "Iskender", "portion": "10...
Broadcasting to 1 sockets. Data: [{"customer_name": "S\u0131ra No: 2", "time": "02:35", "items": [{"name": "Iskender", "portion": "10...
